Arguments: 
  /Applications/Framer X (original).app/Contents/Resources/Node/bin/node /Applications/Framer X (original).app/Contents/Resources/Server/node_modules/yarn/bin/yarn.js outdated --cwd /Users/hugogale/Library/Autosave Information/Framer-19BBAF09-14BF-427E-B396-C776B98EAAC1/container --skip-integrity-check --cache-folder /Users/hugogale/Library/Caches/Framer/yarn/cache --mutex file:/Users/hugogale/Library/Caches/Framer/yarn/mutex --json --ignore-scripts --link-folder /Users/hugogale/Library/Application Support/Framer X/yarn-link-folder

PATH: 
  undefined

Yarn version: 
  1.15.2

Node version: 
  10.13.0

Platform: 
  darwin x64

Trace: 
  Error: getaddrinfo ENOTFOUND registry.framer.com registry.framer.com:443
      at GetAddrInfoReqWrap.onlookup [as oncomplete] (dns.js:57:26)

npm manifest: 
  {
  	"main": "dist/index.js",
  	"license": "MIT",
  	"devDependencies": {
  		"@types/react": "^16.8"
  	},
  	"peerDependencies": {
  		"framer": "^1.0",
  		"react": "^16.8"
  	},
  	"framer": {
  		"id": "972725aa-eba1-4537-86b2-67792df7121f"
  	},
  	"author": "Hugo Gale",
  	"dependencies": {
  		"@framer/colebemis.feather-icons": "^1.2.0",
  		"@framer/framer.examples": "^1.7.0",
  		"@framer/maxsteitle.progress-bar": "^1.6.0"
  	}
  }

yarn manifest: 
  No manifest

Lockfile: 
  # THIS IS AN AUTOGENERATED FILE. DO NOT EDIT THIS FILE DIRECTLY.
  # yarn lockfile v1
  
  
  "@framer/colebemis.feather-icons@^1.2.0":
    version "1.2.0"
    resolved "https://registry.framer.com/@framer/colebemis.feather-icons/-/@framer/colebemis.feather-icons-1.2.0.tgz#45e46dc9c8d210cb2e4e052c76f4723882190786"
    integrity sha1-ReRtycjSEMsuTgUsdvRyOIIZB4Y=
    dependencies:
      "@types/react" "^16.0.31"
      framer "^0.1.8"
      react "^16.3.0"
      react-dom "^16.3.0"
  
  "@framer/framer.examples@^1.7.0":
    version "1.7.0"
    resolved "https://registry.framer.com/@framer/framer.examples/-/@framer/framer.examples-1.7.0.tgz#65c98f155b5cf78a89c88b9a7099790700678e56"
    integrity sha512-GA0jKhhUuNMrQaaVJUipp2o+tM2oX+vZAc3aE4bgpJ8Gs0DiCnl3l1er5QtiQAZUT/F3E9AEiKk6vOpFCAekjA==
  
  "@framer/maxsteitle.progress-bar@^1.6.0":
    version "1.6.0"
    resolved "https://registry.framer.com/@framer/maxsteitle.progress-bar/-/@framer/maxsteitle.progress-bar-1.6.0.tgz#f0fbf65bc89bb9d02c8358bcd3d359e004ee76eb"
    integrity sha512-nVA6HWl3dxHRxNB1iuEl2w1pm2JEvw0c0glJfsD4W9t4bA75pxpOMLcx9gzILMCMovrgo1Q6Dz7b/t3WZRXKpg==
  
  "@types/prop-types@*":
    version "15.7.0"
    resolved "https://registry.yarnpkg.com/@types/prop-types/-/prop-types-15.7.0.tgz#4c48fed958d6dcf9487195a0ef6456d5f6e0163a"
    integrity sha512-eItQyV43bj4rR3JPV0Skpl1SncRCdziTEK9/v8VwXmV6d/qOUO8/EuWeHBbCZcsfSHfzI5UyMJLCSXtxxznyZg==
  
  "@types/react@^16.0.31":
    version "16.8.17"
    resolved "https://registry.yarnpkg.com/@types/react/-/react-16.8.17.tgz#f287b76a5badb93bc9aa3f54521a3eb53d6c2374"
    integrity sha512-pln3mgc6VfkNg92WXODul/ONo140huK9OMsx62GlBlZ2lvjNK86PQJhYMPLO1i66aF5O9OPyZefogvNltBIszA==
    dependencies:
      "@types/prop-types" "*"
      csstype "^2.2.0"
  
  "@types/react@^16.8":
    version "16.8.4"
    resolved "https://registry.yarnpkg.com/@types/react/-/react-16.8.4.tgz#134307f5266e866d5e7c25e47f31f9abd5b2ea34"
    integrity sha512-Mpz1NNMJvrjf0GcDqiK8+YeOydXfD8Mgag3UtqQ5lXYTsMnOiHcKmO48LiSWMb1rSHB9MV/jlgyNzeAVxWMZRQ==
    dependencies:
      "@types/prop-types" "*"
      csstype "^2.2.0"
  
  asap@~2.0.3:
    version "2.0.6"
    resolved "https://registry.yarnpkg.com/asap/-/asap-2.0.6.tgz#e50347611d7e690943208bbdafebcbc2fb866d46"
    integrity sha1-5QNHYR1+aQlDIIu9r+vLwvuGbUY=
  
  core-js@^1.0.0:
    version "1.2.7"
    resolved "https://registry.yarnpkg.com/core-js/-/core-js-1.2.7.tgz#652294c14651db28fa93bd2d5ff2983a4f08c636"
    integrity sha1-ZSKUwUZR2yj6k70tX/KYOk8IxjY=
  
  csstype@^2.2.0:
    version "2.6.1"
    resolved "https://registry.yarnpkg.com/csstype/-/csstype-2.6.1.tgz#4cfbf637a577497036ebcd7e32647ef19a0b8076"
    integrity sha512-wv7IRqCGsL7WGKB8gPvrl+++HlFM9kxAM6jL1EXNPNTshEJYilMkbfS2SnuHha77uosp/YVK0wAp2jmlBzn1tg==
  
  draft-js@0.10.4:
    version "0.10.4"
    resolved "https://registry.yarnpkg.com/draft-js/-/draft-js-0.10.4.tgz#147741642097c8120d8edc232e9503e8b7fb8d35"
    integrity sha1-FHdBZCCXyBINjtwjLpUD6Lf7jTU=
    dependencies:
      fbjs "^0.8.15"
      immutable "~3.7.4"
      object-assign "^4.1.0"
  
  encoding@^0.1.11:
    version "0.1.12"
    resolved "https://registry.yarnpkg.com/encoding/-/encoding-0.1.12.tgz#538b66f3ee62cd1ab51ec323829d1f9480c74beb"
    integrity sha1-U4tm8+5izRq1HsMjgp0flIDHS+s=
    dependencies:
      iconv-lite "~0.4.13"
  
  eventemitter3@^3.1.0:
    version "3.1.2"
    resolved "https://registry.yarnpkg.com/eventemitter3/-/eventemitter3-3.1.2.tgz#2d3d48f9c346698fce83a85d7d664e98535df6e7"
    integrity sha512-tvtQIeLVHjDkJYnzf2dgVMxfuSGJeM/7UCG17TT4EumTfNtF+0nebF/4zWOIkCreAbtNqhGEboB6BWrwqNaw4Q==
  
  fbjs@^0.8.15:
    version "0.8.17"
    resolved "https://registry.yarnpkg.com/fbjs/-/fbjs-0.8.17.tgz#c4d598ead6949112653d6588b01a5cdcd9f90fdd"
    integrity sha1-xNWY6taUkRJlPWWIsBpc3Nn5D90=
    dependencies:
      core-js "^1.0.0"
      isomorphic-fetch "^2.1.1"
      loose-envify "^1.0.0"
      object-assign "^4.1.0"
      promise "^7.1.1"
      setimmediate "^1.0.5"
      ua-parser-js "^0.7.18"
  
  framer@^0.1.8:
    version "0.1.34"
    resolved "https://registry.yarnpkg.com/framer/-/framer-0.1.34.tgz#6cdbb788196008ffd42b5a96a026673d4c3c25f5"
    integrity sha512-Poq2HYpRtsndDLvjyLfdAiNttrIsap79b0cnUOqu/DcorXkfv47Dg8cLrWxiwM6o6Sym0tg6P7u4J7O80QmS/g==
    dependencies:
      draft-js "0.10.4"
      eventemitter3 "^3.1.0"
      hsluv "^0.0.3"
      immutable "^3.8.2"
  
  hsluv@^0.0.3:
    version "0.0.3"
    resolved "https://registry.yarnpkg.com/hsluv/-/hsluv-0.0.3.tgz#829107dafb4a9f8b52a1809ed02e091eade6754c"
    integrity sha1-gpEH2vtKn4tSoYCe0C4JHq3mdUw=
  
  iconv-lite@~0.4.13:
    version "0.4.24"
    resolved "https://registry.yarnpkg.com/iconv-lite/-/iconv-lite-0.4.24.tgz#2022b4b25fbddc21d2f524974a474aafe733908b"
    integrity sha512-v3MXnZAcvnywkTUEZomIActle7RXXeedOR31wwl7VlyoXO4Qi9arvSenNQWne1TcRwhCL1HwLI21bEqdpj8/rA==
    dependencies:
      safer-buffer ">= 2.1.2 < 3"
  
  immutable@^3.8.2:
    version "3.8.2"
    resolved "https://registry.yarnpkg.com/immutable/-/immutable-3.8.2.tgz#c2439951455bb39913daf281376f1530e104adf3"
    integrity sha1-wkOZUUVbs5kT2vKBN28VMOEErfM=
  
  immutable@~3.7.4:
    version "3.7.6"
    resolved "https://registry.yarnpkg.com/immutable/-/immutable-3.7.6.tgz#13b4d3cb12befa15482a26fe1b2ebae640071e4b"
    integrity sha1-E7TTyxK++hVIKib+Gy665kAHHks=
  
  is-stream@^1.0.1:
    version "1.1.0"
    resolved "https://registry.yarnpkg.com/is-stream/-/is-stream-1.1.0.tgz#12d4a3dd4e68e0b79ceb8dbc84173ae80d91ca44"
    integrity sha1-EtSj3U5o4Lec6428hBc66A2RykQ=
  
  isomorphic-fetch@^2.1.1:
    version "2.2.1"
    resolved "https://registry.yarnpkg.com/isomorphic-fetch/-/isomorphic-fetch-2.2.1.tgz#611ae1acf14f5e81f729507472819fe9733558a9"
    integrity sha1-YRrhrPFPXoH3KVB0coGf6XM1WKk=
    dependencies:
      node-fetch "^1.0.1"
      whatwg-fetch ">=0.10.0"
  
  "js-tokens@^3.0.0 || ^4.0.0":
    version "4.0.0"
    resolved "https://registry.yarnpkg.com/js-tokens/-/js-tokens-4.0.0.tgz#19203fb59991df98e3a287050d4647cdeaf32499"
    integrity sha512-RdJUflcE3cUzKiMqQgsCu06FPu9UdIJO0beYbPhHN4k6apgJtifcoCtT9bcxOpYBtpD2kCM6Sbzg4CausW/PKQ==
  
  loose-envify@^1.0.0, loose-envify@^1.1.0, loose-envify@^1.4.0:
    version "1.4.0"
    resolved "https://registry.yarnpkg.com/loose-envify/-/loose-envify-1.4.0.tgz#71ee51fa7be4caec1a63839f7e682d8132d30caf"
    integrity sha512-lyuxPGr/Wfhrlem2CL/UcnUc1zcqKAImBDzukY7Y5F/yQiNdko6+fRLevlw1HgMySw7f611UIY408EtxRSoK3Q==
    dependencies:
      js-tokens "^3.0.0 || ^4.0.0"
  
  node-fetch@^1.0.1:
    version "1.7.3"
    resolved "https://registry.yarnpkg.com/node-fetch/-/node-fetch-1.7.3.tgz#980f6f72d85211a5347c6b2bc18c5b84c3eb47ef"
    integrity sha512-NhZ4CsKx7cYm2vSrBAr2PvFOe6sWDf0UYLRqA6svUYg7+/TSfVAu49jYC4BvQ4Sms9SZgdqGBgroqfDhJdTyKQ==
    dependencies:
      encoding "^0.1.11"
      is-stream "^1.0.1"
  
  object-assign@^4.1.0, object-assign@^4.1.1:
    version "4.1.1"
    resolved "https://registry.yarnpkg.com/object-assign/-/object-assign-4.1.1.tgz#2109adc7965887cfc05cbbd442cac8bfbb360863"
    integrity sha1-IQmtx5ZYh8/AXLvUQsrIv7s2CGM=
  
  promise@^7.1.1:
    version "7.3.1"
    resolved "https://registry.yarnpkg.com/promise/-/promise-7.3.1.tgz#064b72602b18f90f29192b8b1bc418ffd1ebd3bf"
    integrity sha512-nolQXZ/4L+bP/UGlkfaIujX9BKxGwmQ9OT4mOt5yvy8iK1h3wqTEJCijzGANTCCl9nWjY41juyAn2K3Q1hLLTg==
    dependencies:
      asap "~2.0.3"
  
  prop-types@^15.6.2:
    version "15.7.2"
    resolved "https://registry.yarnpkg.com/prop-types/-/prop-types-15.7.2.tgz#52c41e75b8c87e72b9d9360e0206b99dcbffa6c5"
    integrity sha512-8QQikdH7//R2vurIJSutZ1smHYTcLpRWEOlHnzcWHmBYrOGUysKwSsrC89BCiFj3CbrfJ/nXFdJepOVrY1GCHQ==
    dependencies:
      loose-envify "^1.4.0"
      object-assign "^4.1.1"
      react-is "^16.8.1"
  
  react-dom@^16.3.0:
    version "16.8.6"
    resolved "https://registry.yarnpkg.com/react-dom/-/react-dom-16.8.6.tgz#71d6303f631e8b0097f56165ef608f051ff6e10f"
    integrity sha512-1nL7PIq9LTL3fthPqwkvr2zY7phIPjYrT0jp4HjyEQrEROnw4dG41VVwi/wfoCneoleqrNX7iAD+pXebJZwrwA==
    dependencies:
      loose-envify "^1.1.0"
      object-assign "^4.1.1"
      prop-types "^15.6.2"
      scheduler "^0.13.6"
  
  react-is@^16.8.1:
    version "16.8.6"
    resolved "https://registry.yarnpkg.com/react-is/-/react-is-16.8.6.tgz#5bbc1e2d29141c9fbdfed456343fe2bc430a6a16"
    integrity sha512-aUk3bHfZ2bRSVFFbbeVS4i+lNPZr3/WM5jT2J5omUVV1zzcs1nAaf3l51ctA5FFvCRbhrH0bdAsRRQddFJZPtA==
  
  react@^16.3.0:
    version "16.8.6"
    resolved "https://registry.yarnpkg.com/react/-/react-16.8.6.tgz#ad6c3a9614fd3a4e9ef51117f54d888da01f2bbe"
    integrity sha512-pC0uMkhLaHm11ZSJULfOBqV4tIZkx87ZLvbbQYunNixAAvjnC+snJCg0XQXn9VIsttVsbZP/H/ewzgsd5fxKXw==
    dependencies:
      loose-envify "^1.1.0"
      object-assign "^4.1.1"
      prop-types "^15.6.2"
      scheduler "^0.13.6"
  
  "safer-buffer@>= 2.1.2 < 3":
    version "2.1.2"
    resolved "https://registry.yarnpkg.com/safer-buffer/-/safer-buffer-2.1.2.tgz#44fa161b0187b9549dd84bb91802f9bd8385cd6a"
    integrity sha512-YZo3K82SD7Riyi0E1EQPojLz7kpepnSQI9IyPbHHg1XXXevb5dJI7tpyN2ADxGcQbHG7vcyRHk0cbwqcQriUtg==
  
  scheduler@^0.13.6:
    version "0.13.6"
    resolved "https://registry.yarnpkg.com/scheduler/-/scheduler-0.13.6.tgz#466a4ec332467b31a91b9bf74e5347072e4cd889"
    integrity sha512-IWnObHt413ucAYKsD9J1QShUKkbKLQQHdxRyw73sw4FN26iWr3DY/H34xGPe4nmL1DwXyWmSWmMrA9TfQbE/XQ==
    dependencies:
      loose-envify "^1.1.0"
      object-assign "^4.1.1"
  
  setimmediate@^1.0.5:
    version "1.0.5"
    resolved "https://registry.yarnpkg.com/setimmediate/-/setimmediate-1.0.5.tgz#290cbb232e306942d7d7ea9b83732ab7856f8285"
    integrity sha1-KQy7Iy4waULX1+qbg3Mqt4VvgoU=
  
  ua-parser-js@^0.7.18:
    version "0.7.19"
    resolved "https://registry.yarnpkg.com/ua-parser-js/-/ua-parser-js-0.7.19.tgz#94151be4c0a7fb1d001af7022fdaca4642659e4b"
    integrity sha512-T3PVJ6uz8i0HzPxOF9SWzWAlfN/DavlpQqepn22xgve/5QecC+XMCAtmUNnY7C9StehaV6exjUCI801lOI7QlQ==
  
  whatwg-fetch@>=0.10.0:
    version "3.0.0"
    resolved "https://registry.yarnpkg.com/whatwg-fetch/-/whatwg-fetch-3.0.0.tgz#fc804e458cc460009b1a2b966bc8817d2578aefb"
    integrity sha512-9GSJUgz1D4MfyKU7KRqwOjXCXTqWdFNvEr7eUBYchQiVc744mqK/MzXPNR2WsPkmkOa4ywfg8C2n8h+13Bey1Q==
